<?xml version="1.0" encoding="UTF-8"?>
<beans xmlns="http://www.springframework.org/schema/beans"
	xmlns:xsi="http://www.w3.org/2001/XMLSchema-instance" xmlns:context="http://www.springframework.org/schema/context"
	xmlns:jee="http://www.springframework.org/schema/jee" xmlns:tx="http://www.springframework.org/schema/tx"
	xmlns:jpa="http://www.springframework.org/schema/data/jpa" xmlns:sec="http://www.springframework.org/schema/security"
	xmlns:jaxws="http://cxf.apache.org/jaxws" xmlns:http-conf="http://cxf.apache.org/transports/http/configuration"
	xmlns:conf-sec="http://cxf.apache.org/configuration/security"
	xmlns:cxf="http://cxf.apache.org/core" xmlns:jdbc="http://www.springframework.org/schema/jdbc"
	xsi:schemaLocation="http://www.springframework.org/schema/beans http://www.springframework.org/schema/beans/spring-beans.xsd
		http://www.springframework.org/schema/context http://www.springframework.org/schema/context/spring-context.xsd
		http://www.springframework.org/schema/jee http://www.springframework.org/schema/jee/spring-jee.xsd
		http://www.springframework.org/schema/tx http://www.springframework.org/schema/tx/spring-tx.xsd
		http://www.springframework.org/schema/data/jpa http://www.springframework.org/schema/data/jpa/spring-jpa.xsd
		http://www.springframework.org/schema/security http://www.springframework.org/schema/security/spring-security.xsd
		http://cxf.apache.org/jaxws http://cxf.apache.org/schemas/jaxws.xsd
		http://cxf.apache.org/transports/http/configuration http://cxf.apache.org/schemas/configuration/http-conf.xsd
		http://cxf.apache.org/configuration/security http://cxf.apache.org/schemas/configuration/security.xsd
		http://www.springframework.org/schema/jdbc http://www.springframework.org/schema/jdbc/spring-jdbc.xsd
		http://cxf.apache.org/jaxws http://cxf.apache.org/schemas/jaxws.xsd http://cxf.apache.org/core http://cxf.apache.org/schemas/core.xsd">


	<context:property-placeholder location="classpath*:*.properties" ignore-resource-not-found="true" />

	<bean class="org.springframework.beans.factory.annotation.AutowiredAnnotationBeanPostProcessor">
	    <property name="requiredParameterValue" value="false" />
	</bean>

	<context:component-scan	base-package="it.selex.miur.pars.core,it.selex.miur.pars.admin">
	    <context:include-filter type="annotation" expression="org.springframework.stereotype.Component" />
	    <context:include-filter type="annotation" expression="org.springframework.stereotype.Service" />
		<context:exclude-filter type="annotation" expression="org.springframework.stereotype.Controller"/>
	</context:component-scan>

	<tx:annotation-driven />
	
</beans>